This file contains any messages produced by compilers while
running configure, to aid debugging if configure makes a mistake.

It was created by configure, which was
generated by GNU Autoconf 2.68.  Invocation command line was

  $ ./configure --disable-option-checking --prefix=/usr/local --disable-shared --enable-static CC=/home/cloudchen/dev/emsdk_portable/emscripten/master/emcc CFLAGS= --cache-file=/dev/null --srcdir=.

## --------- ##
## Platform. ##
## --------- ##

hostname = ubuntu1404
uname -m = x86_64
uname -r = 3.13.0-49-generic
uname -s = Linux
uname -v = #83-Ubuntu SMP Fri Apr 10 20:11:33 UTC 2015

/usr/bin/uname -p = unknown
/bin/uname -X     = unknown

/bin/arch              = unknown
/usr/bin/arch -k       = unknown
/usr/convex/getsysinfo = unknown
/usr/bin/hostinfo      = unknown
/bin/machine           = unknown
/usr/bin/oslevel       = unknown
/bin/universe          = unknown

PATH: /home/cloudchen/dev/emsdk_portable/emscripten/master/system/bin
PATH: /home/cloudchen/dev/emsdk_portable
PATH: /home/cloudchen/dev/emsdk_portable/clang/fastcomp/build_master_64/bin
PATH: /home/cloudchen/dev/emsdk_portable/emscripten/master
PATH: /usr/local/sbin
PATH: /usr/local/bin
PATH: /usr/sbin
PATH: /usr/bin
PATH: /sbin
PATH: /bin
PATH: /usr/games
PATH: /usr/local/games


## ----------- ##
## Core tests. ##
## ----------- ##

configure:2173: checking whether make sets $(MAKE)
configure:2195: result: yes
configure:2256: checking for gcc
configure:2283: result: /home/cloudchen/dev/emsdk_portable/emscripten/master/emcc
configure:2512: checking for C compiler version
configure:2521: /home/cloudchen/dev/emsdk_portable/emscripten/master/emcc --version >&5
emcc (Emscripten GCC-like replacement) 1.31.0 (commit 01d531a5fabc58d9f83a628df5c5b43ecc5950d5)
Copyright (C) 2014 the Emscripten authors (see AUTHORS.txt)
This is free and open source software under the MIT license.
There is NO warranty; not even for MERCHANTABILITY or FITNESS FOR A PARTICULAR PURPOSE.
  
configure:2532: $? = 0
configure:2521: /home/cloudchen/dev/emsdk_portable/emscripten/master/emcc -v >&5
emcc (Emscripten GCC-like replacement + linker emulating GNU ld ) 1.31.0
clang version 3.6.0 (https://github.com/kripken/emscripten-fastcomp-clang 1e87fd50b108143298407eb4b9a802cea4662937) (https://github.com/kripken/emscripten-fastcomp cb8b737f3d49e9edd214d5214db6ace92b5e68ea)
Target: x86_64-unknown-linux-gnu
Thread model: posix
Found candidate GCC installation: /usr/lib/gcc/i686-linux-gnu/4.8
Found candidate GCC installation: /usr/lib/gcc/i686-linux-gnu/4.8.2
Found candidate GCC installation: /usr/lib/gcc/i686-linux-gnu/4.9
Found candidate GCC installation: /usr/lib/gcc/i686-linux-gnu/4.9.1
Found candidate GCC installation: /usr/lib/gcc/x86_64-linux-gnu/4.8
Found candidate GCC installation: /usr/lib/gcc/x86_64-linux-gnu/4.8.2
Found candidate GCC installation: /usr/lib/gcc/x86_64-linux-gnu/4.9
... rest of stderr output deleted ...
configure:2532: $? = 0
configure:2521: /home/cloudchen/dev/emsdk_portable/emscripten/master/emcc -V >&5
ERROR    root: [31mno input files
note that input files without a known suffix are ignored, make sure your input files end with one of: ('.c', '.C', '.cpp', '.cxx', '.cc', '.c++', '.CPP', '.CXX', '.CC', '.C++', '.m', '.mm', '.bc', '.o', '.obj', '.dylib', '.so', '.a', '.ll', '.h', '.hxx', '.hpp', '.hh', '.H', '.HXX', '.HPP', '.HH')[0m
configure:2532: $? = 0
configure:2521: /home/cloudchen/dev/emsdk_portable/emscripten/master/emcc -qversion >&5
ERROR    root: [31mno input files
note that input files without a known suffix are ignored, make sure your input files end with one of: ('.c', '.C', '.cpp', '.cxx', '.cc', '.c++', '.CPP', '.CXX', '.CC', '.C++', '.m', '.mm', '.bc', '.o', '.obj', '.dylib', '.so', '.a', '.ll', '.h', '.hxx', '.hpp', '.hh', '.H', '.HXX', '.HPP', '.HH')[0m
configure:2532: $? = 0
configure:2552: checking whether the C compiler works
configure:2574: /home/cloudchen/dev/emsdk_portable/emscripten/master/emcc    conftest.c  >&5
configure:2578: $? = 0
configure:2626: result: yes
configure:2629: checking for C compiler default output file name
configure:2631: result: a.out
configure:2637: checking for suffix of executables
configure:2644: /home/cloudchen/dev/emsdk_portable/emscripten/master/emcc -o conftest    conftest.c  >&5
configure:2648: $? = 0
configure:2670: result: 
configure:2692: checking whether we are cross compiling
configure:2700: /home/cloudchen/dev/emsdk_portable/emscripten/master/emcc -o conftest    conftest.c  >&5
configure:2704: $? = 0
configure:2711: ./conftest
configure:2715: $? = 0
configure:2730: result: no
configure:2735: checking for suffix of object files
configure:2757: /home/cloudchen/dev/emsdk_portable/emscripten/master/emcc -c   conftest.c >&5
configure:2761: $? = 0
configure:2782: result: o
configure:2786: checking whether we are using the GNU C compiler
configure:2805: /home/cloudchen/dev/emsdk_portable/emscripten/master/emcc -c   conftest.c >&5
configure:2805: $? = 0
configure:2814: result: yes
configure:2823: checking whether /home/cloudchen/dev/emsdk_portable/emscripten/master/emcc accepts -g
configure:2843: /home/cloudchen/dev/emsdk_portable/emscripten/master/emcc -c -g  conftest.c >&5
configure:2843: $? = 0
configure:2884: result: yes
configure:2901: checking for /home/cloudchen/dev/emsdk_portable/emscripten/master/emcc option to accept ISO C89
configure:2965: /home/cloudchen/dev/emsdk_portable/emscripten/master/emcc  -c   conftest.c >&5
configure:2965: $? = 0
configure:2978: result: none needed
configure:3003: checking how to run the C preprocessor
configure:3034: /home/cloudchen/dev/emsdk_portable/emscripten/master/emcc -E  conftest.c
configure:3034: $? = 0
configure:3048: /home/cloudchen/dev/emsdk_portable/emscripten/master/emcc -E  conftest.c
conftest.c:9:10: fatal error: 'ac_nonexistent.h' file not found
#include <ac_nonexistent.h>
         ^
1 error generated.
configure:3048: $? = 1
configure: failed program was:
| /* confdefs.h */
| #define PACKAGE_NAME ""
| #define PACKAGE_TARNAME ""
| #define PACKAGE_VERSION ""
| #define PACKAGE_STRING ""
| #define PACKAGE_BUGREPORT ""
| #define PACKAGE_URL ""
| /* end confdefs.h.  */
| #include <ac_nonexistent.h>
configure:3073: result: /home/cloudchen/dev/emsdk_portable/emscripten/master/emcc -E
configure:3093: /home/cloudchen/dev/emsdk_portable/emscripten/master/emcc -E  conftest.c
configure:3093: $? = 0
configure:3107: /home/cloudchen/dev/emsdk_portable/emscripten/master/emcc -E  conftest.c
conftest.c:9:10: fatal error: 'ac_nonexistent.h' file not found
#include <ac_nonexistent.h>
         ^
1 error generated.
configure:3107: $? = 1
configure: failed program was:
| /* confdefs.h */
| #define PACKAGE_NAME ""
| #define PACKAGE_TARNAME ""
| #define PACKAGE_VERSION ""
| #define PACKAGE_STRING ""
| #define PACKAGE_BUGREPORT ""
| #define PACKAGE_URL ""
| /* end confdefs.h.  */
| #include <ac_nonexistent.h>
configure:3149: checking for a BSD-compatible install
configure:3217: result: /usr/bin/install -c
configure:3234: checking build system type
configure:3248: result: x86_64-unknown-linux-gnu
configure:3268: checking host system type
configure:3281: result: x86_64-unknown-linux-gnu
configure:3304: checking whether to activate relocatable installation
configure:3319: result: no
configure:3356: checking for grep that handles long lines and -e
configure:3414: result: /bin/grep
configure:3419: checking for egrep
configure:3481: result: /bin/grep -E
configure:3486: checking for ANSI C header files
configure:3506: /home/cloudchen/dev/emsdk_portable/emscripten/master/emcc -c   conftest.c >&5
configure:3506: $? = 0
configure:3579: /home/cloudchen/dev/emsdk_portable/emscripten/master/emcc -o conftest    conftest.c  >&5
configure:3579: $? = 0
configure:3579: ./conftest
configure:3579: $? = 0
configure:3590: result: yes
configure:3603: checking for sys/types.h
configure:3603: /home/cloudchen/dev/emsdk_portable/emscripten/master/emcc -c   conftest.c >&5
configure:3603: $? = 0
configure:3603: result: yes
configure:3603: checking for sys/stat.h
configure:3603: /home/cloudchen/dev/emsdk_portable/emscripten/master/emcc -c   conftest.c >&5
configure:3603: $? = 0
configure:3603: result: yes
configure:3603: checking for stdlib.h
configure:3603: /home/cloudchen/dev/emsdk_portable/emscripten/master/emcc -c   conftest.c >&5
configure:3603: $? = 0
configure:3603: result: yes
configure:3603: checking for string.h
configure:3603: /home/cloudchen/dev/emsdk_portable/emscripten/master/emcc -c   conftest.c >&5
configure:3603: $? = 0
configure:3603: result: yes
configure:3603: checking for memory.h
configure:3603: /home/cloudchen/dev/emsdk_portable/emscripten/master/emcc -c   conftest.c >&5
configure:3603: $? = 0
configure:3603: result: yes
configure:3603: checking for strings.h
configure:3603: /home/cloudchen/dev/emsdk_portable/emscripten/master/emcc -c   conftest.c >&5
configure:3603: $? = 0
configure:3603: result: yes
configure:3603: checking for inttypes.h
configure:3603: /home/cloudchen/dev/emsdk_portable/emscripten/master/emcc -c   conftest.c >&5
configure:3603: $? = 0
configure:3603: result: yes
configure:3603: checking for stdint.h
configure:3603: /home/cloudchen/dev/emsdk_portable/emscripten/master/emcc -c   conftest.c >&5
configure:3603: $? = 0
configure:3603: result: yes
configure:3603: checking for unistd.h
configure:3603: /home/cloudchen/dev/emsdk_portable/emscripten/master/emcc -c   conftest.c >&5
configure:3603: $? = 0
configure:3603: result: yes
configure:3616: checking minix/config.h usability
configure:3616: /home/cloudchen/dev/emsdk_portable/emscripten/master/emcc -c   conftest.c >&5
conftest.c:53:10: fatal error: 'minix/config.h' file not found
#include <minix/config.h>
         ^
1 error generated.
ERROR    root: [31mcompiler frontend failed to generate LLVM bitcode, halting[0m
configure:3616: $? = 1
configure: failed program was:
| /* confdefs.h */
| #define PACKAGE_NAME ""
| #define PACKAGE_TARNAME ""
| #define PACKAGE_VERSION ""
| #define PACKAGE_STRING ""
| #define PACKAGE_BUGREPORT ""
| #define PACKAGE_URL ""
| #define INSTALLPREFIX "/usr/local"
| #define STDC_HEADERS 1
| #define HAVE_SYS_TYPES_H 1
| #define HAVE_SYS_STAT_H 1
| #define HAVE_STDLIB_H 1
| #define HAVE_STRING_H 1
| #define HAVE_MEMORY_H 1
| #define HAVE_STRINGS_H 1
| #define HAVE_INTTYPES_H 1
| #define HAVE_STDINT_H 1
| #define HAVE_UNISTD_H 1
| /* end confdefs.h.  */
| #include <stdio.h>
| #ifdef HAVE_SYS_TYPES_H
| # include <sys/types.h>
| #endif
| #ifdef HAVE_SYS_STAT_H
| # include <sys/stat.h>
| #endif
| #ifdef STDC_HEADERS
| # include <stdlib.h>
| # include <stddef.h>
| #else
| # ifdef HAVE_STDLIB_H
| #  include <stdlib.h>
| # endif
| #endif
| #ifdef HAVE_STRING_H
| # if !defined STDC_HEADERS && defined HAVE_MEMORY_H
| #  include <memory.h>
| # endif
| # include <string.h>
| #endif
| #ifdef HAVE_STRINGS_H
| # include <strings.h>
| #endif
| #ifdef HAVE_INTTYPES_H
| # include <inttypes.h>
| #endif
| #ifdef HAVE_STDINT_H
| # include <stdint.h>
| #endif
| #ifdef HAVE_UNISTD_H
| # include <unistd.h>
| #endif
| #include <minix/config.h>
configure:3616: result: no
configure:3616: checking minix/config.h presence
configure:3616: /home/cloudchen/dev/emsdk_portable/emscripten/master/emcc -E  conftest.c
conftest.c:20:10: fatal error: 'minix/config.h' file not found
#include <minix/config.h>
         ^
1 error generated.
configure:3616: $? = 1
configure: failed program was:
| /* confdefs.h */
| #define PACKAGE_NAME ""
| #define PACKAGE_TARNAME ""
| #define PACKAGE_VERSION ""
| #define PACKAGE_STRING ""
| #define PACKAGE_BUGREPORT ""
| #define PACKAGE_URL ""
| #define INSTALLPREFIX "/usr/local"
| #define STDC_HEADERS 1
| #define HAVE_SYS_TYPES_H 1
| #define HAVE_SYS_STAT_H 1
| #define HAVE_STDLIB_H 1
| #define HAVE_STRING_H 1
| #define HAVE_MEMORY_H 1
| #define HAVE_STRINGS_H 1
| #define HAVE_INTTYPES_H 1
| #define HAVE_STDINT_H 1
| #define HAVE_UNISTD_H 1
| /* end confdefs.h.  */
| #include <minix/config.h>
configure:3616: result: no
configure:3616: checking for minix/config.h
configure:3616: result: no
configure:3637: checking whether it is safe to define __EXTENSIONS__
configure:3655: /home/cloudchen/dev/emsdk_portable/emscripten/master/emcc -c   conftest.c >&5
configure:3655: $? = 0
configure:3662: result: yes
configure:3728: checking how to print strings
configure:3755: result: printf
configure:3776: checking for a sed that does not truncate output
configure:3840: result: /bin/sed
configure:3858: checking for fgrep
configure:3920: result: /bin/grep -F
configure:3955: checking for ld used by /home/cloudchen/dev/emsdk_portable/emscripten/master/emcc
ERROR    root: [31mno input files
note that input files without a known suffix are ignored, make sure your input files end with one of: ('.c', '.C', '.cpp', '.cxx', '.cc', '.c++', '.CPP', '.CXX', '.CC', '.C++', '.m', '.mm', '.bc', '.o', '.obj', '.dylib', '.so', '.a', '.ll', '.h', '.hxx', '.hpp', '.hh', '.H', '.HXX', '.HPP', '.HH')[0m
configure:4022: result: /home/cloudchen/dev/emsdk_portable/emscripten/master/emcc
configure:4029: checking if the linker (/home/cloudchen/dev/emsdk_portable/emscripten/master/emcc) is GNU ld
configure:4044: result: yes
configure:4056: checking for BSD- or MS-compatible name lister (nm)
configure:4105: result: /usr/bin/nm -B
configure:4235: checking the name lister (/usr/bin/nm -B) interface
configure:4242: /home/cloudchen/dev/emsdk_portable/emscripten/master/emcc -c   conftest.c >&5
configure:4245: /usr/bin/nm -B "conftest.o"
/usr/bin/nm: conftest.o: File format not recognized
configure:4248: output
configure:4255: result: BSD nm
configure:4258: checking whether ln -s works
configure:4262: result: yes
configure:4270: checking the maximum length of command line arguments
configure:4395: result: 1572864
configure:4412: checking whether the shell understands some XSI constructs
configure:4422: result: yes
configure:4426: checking whether the shell understands "+="
configure:4432: result: yes
configure:4467: checking how to convert x86_64-unknown-linux-gnu file names to x86_64-unknown-linux-gnu format
configure:4507: result: func_convert_file_noop
configure:4514: checking how to convert x86_64-unknown-linux-gnu file names to toolchain format
configure:4534: result: func_convert_file_noop
configure:4541: checking for /home/cloudchen/dev/emsdk_portable/emscripten/master/emcc option to reload object files
configure:4548: result: -r
configure:4622: checking for objdump
configure:4638: found /usr/bin/objdump
configure:4649: result: objdump
configure:4678: checking how to recognize dependent libraries
configure:4880: result: pass_all
configure:4965: checking for dlltool
configure:4995: result: no
configure:5022: checking how to associate runtime and link libraries
configure:5049: result: printf %s\n
configure:5173: checking for archiver @FILE support
configure:5190: /home/cloudchen/dev/emsdk_portable/emscripten/master/emcc -c   conftest.c >&5
configure:5190: $? = 0
configure:5193: ar cru libconftest.a @conftest.lst >&5
configure:5196: $? = 0
configure:5201: ar cru libconftest.a @conftest.lst >&5
ar: conftest.o: No such file or directory
configure:5204: $? = 1
configure:5216: result: @
configure:5274: checking for strip
configure:5290: found /usr/bin/strip
configure:5301: result: strip
configure:5373: checking for ranlib
configure:5400: result: /home/cloudchen/dev/emsdk_portable/emscripten/master/emranlib
configure:5477: checking for gawk
configure:5507: result: no
configure:5477: checking for mawk
configure:5493: found /usr/bin/mawk
configure:5504: result: mawk
configure:5544: checking command to parse /usr/bin/nm -B output from /home/cloudchen/dev/emsdk_portable/emscripten/master/emcc object
configure:5663: /home/cloudchen/dev/emsdk_portable/emscripten/master/emcc -c   conftest.c >&5
configure:5666: $? = 0
configure:5670: /usr/bin/nm -B conftest.o \| sed -n -e 's/^.*[ ]\([ABCDGIRSTW][ABCDGIRSTW]*\)[ ][ ]*\([_A-Za-z][_A-Za-z0-9]*\)$/\1 \2 \2/p' | sed '/ __gnu_lto/d' \> conftest.nm
/usr/bin/nm: conftest.o: File format not recognized
configure:5673: $? = 0
cannot run sed -n -e 's/^.*[	 ]\([ABCDGIRSTW][ABCDGIRSTW]*\)[	 ][	 ]*\([_A-Za-z][_A-Za-z0-9]*\)$/\1 \2 \2/p' | sed '/ __gnu_lto/d'
configure:5663: /home/cloudchen/dev/emsdk_portable/emscripten/master/emcc -c   conftest.c >&5
configure:5666: $? = 0
configure:5670: /usr/bin/nm -B conftest.o \| sed -n -e 's/^.*[ ]\([ABCDGIRSTW][ABCDGIRSTW]*\)[ ][ ]*_\([_A-Za-z][_A-Za-z0-9]*\)$/\1 _\2 \2/p' | sed '/ __gnu_lto/d' \> conftest.nm
/usr/bin/nm: conftest.o: File format not recognized
configure:5673: $? = 0
cannot run sed -n -e 's/^.*[	 ]\([ABCDGIRSTW][ABCDGIRSTW]*\)[	 ][	 ]*_\([_A-Za-z][_A-Za-z0-9]*\)$/\1 _\2 \2/p' | sed '/ __gnu_lto/d'
configure:5777: result: failed
configure:5817: checking for sysroot
configure:5847: result: no
configure:5924: /home/cloudchen/dev/emsdk_portable/emscripten/master/emcc -c   conftest.c >&5
configure:5927: $? = 0
configure:6090: checking for mt
configure:6106: found /bin/mt
configure:6117: result: mt
configure:6140: checking if mt is a manifest tool
configure:6146: mt '-?'
configure:6154: result: no
configure:6783: checking for dlfcn.h
configure:6783: /home/cloudchen/dev/emsdk_portable/emscripten/master/emcc -c   conftest.c >&5
configure:6783: $? = 0
configure:6783: result: yes
configure:7268: checking for objdir
configure:7283: result: .libs
configure:7554: checking if /home/cloudchen/dev/emsdk_portable/emscripten/master/emcc supports -fno-rtti -fno-exceptions
configure:7572: /home/cloudchen/dev/emsdk_portable/emscripten/master/emcc -c   -fno-rtti -fno-exceptions conftest.c >&5
configure:7576: $? = 0
configure:7589: result: yes
configure:7899: checking for /home/cloudchen/dev/emsdk_portable/emscripten/master/emcc option to produce PIC
configure:7906: result: -fPIC -DPIC
configure:7914: checking if /home/cloudchen/dev/emsdk_portable/emscripten/master/emcc PIC flag -fPIC -DPIC works
configure:7932: /home/cloudchen/dev/emsdk_portable/emscripten/master/emcc -c   -fPIC -DPIC -DPIC conftest.c >&5
configure:7936: $? = 0
configure:7949: result: yes
configure:7978: checking if /home/cloudchen/dev/emsdk_portable/emscripten/master/emcc static flag -static works
configure:8006: result: yes
configure:8021: checking if /home/cloudchen/dev/emsdk_portable/emscripten/master/emcc supports -c -o file.o
configure:8042: /home/cloudchen/dev/emsdk_portable/emscripten/master/emcc -c   -o out/conftest2.o conftest.c >&5
configure:8046: $? = 0
configure:8068: result: yes
configure:8076: checking if /home/cloudchen/dev/emsdk_portable/emscripten/master/emcc supports -c -o file.o
configure:8123: result: yes
configure:8156: checking whether the /home/cloudchen/dev/emsdk_portable/emscripten/master/emcc linker (/home/cloudchen/dev/emsdk_portable/emscripten/master/emcc) supports shared libraries
configure:9314: result: yes
configure:9559: checking dynamic linker characteristics
configure:10073: /home/cloudchen/dev/emsdk_portable/emscripten/master/emcc -o conftest    -Wl,-rpath -Wl,/foo conftest.c  >&5
configure:10073: $? = 0
configure:10295: result: GNU/Linux ld.so
configure:10402: checking how to hardcode library paths into programs
configure:10427: result: immediate
configure:10967: checking whether stripping libraries is possible
configure:10972: result: yes
configure:11007: checking if libtool supports shared libraries
configure:11009: result: yes
configure:11012: checking whether to build shared libraries
configure:11033: result: no
configure:11036: checking whether to build static libraries
configure:11040: result: yes
configure:11080: checking for simple visibility declarations
configure:11102: /home/cloudchen/dev/emsdk_portable/emscripten/master/emcc -c  -fvisibility=hidden  conftest.c >&5
configure:11102: $? = 0
configure:11111: result: yes
configure:11129: checking for nl_langinfo and CODESET
configure:11145: /home/cloudchen/dev/emsdk_portable/emscripten/master/emcc -o conftest    conftest.c  >&5
configure:11145: $? = 0
configure:11154: result: yes
configure:11164: checking for working fcntl.h
configure:11221: /home/cloudchen/dev/emsdk_portable/emscripten/master/emcc -o conftest    conftest.c  >&5
conftest.c:49:27: warning: address of array 'constants' will always evaluate to 'true' [-Wpointer-bool-conversion]
            int status = !constants;
                         ~^~~~~~~~~
1 warning generated.
configure:11221: $? = 0
configure:11221: ./conftest
configure:11221: $? = 64
configure: program exited with status 64
configure: failed program was:
| /* confdefs.h */
| #define PACKAGE_NAME ""
| #define PACKAGE_TARNAME ""
| #define PACKAGE_VERSION ""
| #define PACKAGE_STRING ""
| #define PACKAGE_BUGREPORT ""
| #define PACKAGE_URL ""
| #define INSTALLPREFIX "/usr/local"
| #define STDC_HEADERS 1
| #define HAVE_SYS_TYPES_H 1
| #define HAVE_SYS_STAT_H 1
| #define HAVE_STDLIB_H 1
| #define HAVE_STRING_H 1
| #define HAVE_MEMORY_H 1
| #define HAVE_STRINGS_H 1
| #define HAVE_INTTYPES_H 1
| #define HAVE_STDINT_H 1
| #define HAVE_UNISTD_H 1
| #define __EXTENSIONS__ 1
| #define _ALL_SOURCE 1
| #define _GNU_SOURCE 1
| #define _POSIX_PTHREAD_SEMANTICS 1
| #define _TANDEM_SOURCE 1
| #define HAVE_DLFCN_H 1
| #define LT_OBJDIR ".libs/"
| #define HAVE_VISIBILITY 1
| #define HAVE_LANGINFO_CODESET 1
| /* end confdefs.h.  */
| #include <sys/types.h>
|            #include <sys/stat.h>
|            #include <unistd.h>
|            #include <fcntl.h>
|            #ifndef O_NOATIME
|             #define O_NOATIME 0
|            #endif
|            #ifndef O_NOFOLLOW
|             #define O_NOFOLLOW 0
|            #endif
|            static int const constants[] =
|             {
|               O_CREAT, O_EXCL, O_NOCTTY, O_TRUNC, O_APPEND,
|               O_NONBLOCK, O_SYNC, O_ACCMODE, O_RDONLY, O_RDWR, O_WRONLY
|             };
| 
| int
| main ()
| {
| 
|             int status = !constants;
|             {
|               static char const sym[] = "conftest.sym";
|               if (symlink (".", sym) != 0
|                   || close (open (sym, O_RDONLY | O_NOFOLLOW)) == 0)
|                 status |= 32;
|               unlink (sym);
|             }
|             {
|               static char const file[] = "confdefs.h";
|               int fd = open (file, O_RDONLY | O_NOATIME);
|               char c;
|               struct stat st0, st1;
|               if (fd < 0
|                   || fstat (fd, &st0) != 0
|                   || sleep (1) != 0
|                   || read (fd, &c, 1) != 1
|                   || close (fd) != 0
|                   || stat (file, &st1) != 0
|                   || st0.st_atime != st1.st_atime)
|                 status |= 64;
|             }
|             return status;
|   ;
|   return 0;
| }
configure:11236: result: no (bad O_NOATIME)
configure:11260: checking whether we are using the GNU C Library 2.1 or newer
configure:11287: result: no
configure:11295: checking for setlocale
configure:11295: /home/cloudchen/dev/emsdk_portable/emscripten/master/emcc -o conftest    conftest.c  >&5
[0;33mwarning:[0m unexpected number of arguments 0 in call to 'setlocale', should be 1
configure:11295: $? = 0
configure:11295: result: yes
configure:11427: creating ./config.status

## ---------------------- ##
## Running config.status. ##
## ---------------------- ##

This file was extended by config.status, which was
generated by GNU Autoconf 2.68.  Invocation command line was

  CONFIG_FILES    = 
  CONFIG_HEADERS  = 
  CONFIG_LINKS    = 
  CONFIG_COMMANDS = 
  $ ./config.status 

on ubuntu1404

config.status:1073: creating Makefile
config.status:1073: creating lib/Makefile
config.status:1073: creating include/localcharset.h
config.status:1073: creating include/localcharset.h.inst
config.status:1073: creating config.h
config.status:1248: config.h is unchanged
config.status:1262: executing libtool commands

## ---------------- ##
## Cache variables. ##
## ---------------- ##

ac_cv_build=x86_64-unknown-linux-gnu
ac_cv_c_compiler_gnu=yes
ac_cv_env_CC_set=set
ac_cv_env_CC_value=/home/cloudchen/dev/emsdk_portable/emscripten/master/emcc
ac_cv_env_CFLAGS_set=set
ac_cv_env_CFLAGS_value=
ac_cv_env_CPPFLAGS_set=
ac_cv_env_CPPFLAGS_value=
ac_cv_env_CPP_set=
ac_cv_env_CPP_value=
ac_cv_env_LDFLAGS_set=
ac_cv_env_LDFLAGS_value=
ac_cv_env_LIBS_set=
ac_cv_env_LIBS_value=
ac_cv_env_build_alias_set=
ac_cv_env_build_alias_value=
ac_cv_env_host_alias_set=
ac_cv_env_host_alias_value=
ac_cv_env_target_alias_set=
ac_cv_env_target_alias_value=
ac_cv_func_setlocale=yes
ac_cv_gnu_library_2_1=no
ac_cv_header_dlfcn_h=yes
ac_cv_header_inttypes_h=yes
ac_cv_header_memory_h=yes
ac_cv_header_minix_config_h=no
ac_cv_header_stdc=yes
ac_cv_header_stdint_h=yes
ac_cv_header_stdlib_h=yes
ac_cv_header_string_h=yes
ac_cv_header_strings_h=yes
ac_cv_header_sys_stat_h=yes
ac_cv_header_sys_types_h=yes
ac_cv_header_unistd_h=yes
ac_cv_host=x86_64-unknown-linux-gnu
ac_cv_objext=o
ac_cv_path_EGREP='/bin/grep -E'
ac_cv_path_FGREP='/bin/grep -F'
ac_cv_path_GREP=/bin/grep
ac_cv_path_SED=/bin/sed
ac_cv_path_install='/usr/bin/install -c'
ac_cv_prog_AWK=mawk
ac_cv_prog_CPP='/home/cloudchen/dev/emsdk_portable/emscripten/master/emcc -E'
ac_cv_prog_ac_ct_CC=/home/cloudchen/dev/emsdk_portable/emscripten/master/emcc
ac_cv_prog_ac_ct_MANIFEST_TOOL=mt
ac_cv_prog_ac_ct_OBJDUMP=objdump
ac_cv_prog_ac_ct_RANLIB=/home/cloudchen/dev/emsdk_portable/emscripten/master/emranlib
ac_cv_prog_ac_ct_STRIP=strip
ac_cv_prog_cc_c89=
ac_cv_prog_cc_g=yes
ac_cv_prog_make_make_set=yes
ac_cv_safe_to_define___extensions__=yes
am_cv_langinfo_codeset=yes
gl_cv_cc_visibility=yes
gl_cv_header_working_fcntl_h='no (bad O_NOATIME)'
lt_cv_ar_at_file=@
lt_cv_deplibs_check_method=pass_all
lt_cv_file_magic_cmd='$MAGIC_CMD'
lt_cv_file_magic_test_file=
lt_cv_ld_reload_flag=-r
lt_cv_nm_interface='BSD nm'
lt_cv_objdir=.libs
lt_cv_path_LD=/home/cloudchen/dev/emsdk_portable/emscripten/master/emcc
lt_cv_path_NM='/usr/bin/nm -B'
lt_cv_path_mainfest_tool=no
lt_cv_prog_compiler_c_o=yes
lt_cv_prog_compiler_pic='-fPIC -DPIC'
lt_cv_prog_compiler_pic_works=yes
lt_cv_prog_compiler_rtti_exceptions=yes
lt_cv_prog_compiler_static_works=yes
lt_cv_prog_gnu_ld=yes
lt_cv_sharedlib_from_linklib_cmd='printf %s\n'
lt_cv_shlibpath_overrides_runpath=no
lt_cv_sys_global_symbol_pipe=
lt_cv_sys_global_symbol_to_c_name_address='sed -n -e '\''s/^: \([^ ]*\)[ ]*$/  {\"\1\", (void *) 0},/p'\'' -e '\''s/^[ABCDGIRSTW]* \([^ ]*\) \([^ ]*\)$/  {"\2", (void *) \&\2},/p'\'''
lt_cv_sys_global_symbol_to_c_name_address_lib_prefix='sed -n -e '\''s/^: \([^ ]*\)[ ]*$/  {\"\1\", (void *) 0},/p'\'' -e '\''s/^[ABCDGIRSTW]* \([^ ]*\) \(lib[^ ]*\)$/  {"\2", (void *) \&\2},/p'\'' -e '\''s/^[ABCDGIRSTW]* \([^ ]*\) \([^ ]*\)$/  {"lib\2", (void *) \&\2},/p'\'''
lt_cv_sys_global_symbol_to_cdecl=
lt_cv_sys_max_cmd_len=1572864
lt_cv_to_host_file_cmd=func_convert_file_noop
lt_cv_to_tool_file_cmd=func_convert_file_noop

## ----------------- ##
## Output variables. ##
## ----------------- ##

AR='ar'
AS='as'
AWK='mawk'
CC='/home/cloudchen/dev/emsdk_portable/emscripten/master/emcc'
CFLAGS=''
CFLAG_VISIBILITY='-fvisibility=hidden'
CPP='/home/cloudchen/dev/emsdk_portable/emscripten/master/emcc -E'
CPPFLAGS=''
DEFS='-DHAVE_CONFIG_H'
DLLTOOL='false'
DSYMUTIL=''
DUMPBIN=''
ECHO_C=''
ECHO_N='-n'
ECHO_T=''
EGREP='/bin/grep -E'
EXEEXT=''
FGREP='/bin/grep -F'
GLIBC21='no'
GREP='/bin/grep'
HAVE_VISIBILITY='1'
INSTALL_DATA='${INSTALL} -m 644'
INSTALL_PROGRAM='${INSTALL}'
INSTALL_SCRIPT='${INSTALL}'
LD='/home/cloudchen/dev/emsdk_portable/emscripten/master/emcc'
LDFLAGS=''
LIBOBJS=''
LIBS=''
LIBTOOL='/bin/bash $(top_builddir)/libtool'
LIPO=''
LN_S='ln -s'
LTLIBOBJS=''
MANIFEST_TOOL=':'
NM='/usr/bin/nm -B'
NMEDIT=''
OBJDUMP='objdump'
OBJEXT='o'
OTOOL64=''
OTOOL=''
PACKAGE=''
PACKAGE_BUGREPORT=''
PACKAGE_NAME=''
PACKAGE_STRING=''
PACKAGE_TARNAME=''
PACKAGE_URL=''
PACKAGE_VERSION=''
PATH_SEPARATOR=':'
RANLIB='/home/cloudchen/dev/emsdk_portable/emscripten/master/emranlib'
RELOCATABLE='no'
SED='/bin/sed'
SET_MAKE=''
SHELL='/bin/bash'
STRIP='strip'
VERSION=''
ac_ct_AR=''
ac_ct_CC='/home/cloudchen/dev/emsdk_portable/emscripten/master/emcc'
ac_ct_DUMPBIN=''
bindir='${exec_prefix}/bin'
build='x86_64-unknown-linux-gnu'
build_alias=''
build_cpu='x86_64'
build_os='linux-gnu'
build_vendor='unknown'
datadir='${datarootdir}'
datarootdir='${prefix}/share'
docdir='${datarootdir}/doc/${PACKAGE}'
dvidir='${docdir}'
exec_prefix='${prefix}'
host='x86_64-unknown-linux-gnu'
host_alias=''
host_cpu='x86_64'
host_os='linux-gnu'
host_vendor='unknown'
htmldir='${docdir}'
includedir='${prefix}/include'
infodir='${datarootdir}/info'
libdir='${exec_prefix}/lib'
libexecdir='${exec_prefix}/libexec'
localedir='${datarootdir}/locale'
localstatedir='${prefix}/var'
mandir='${datarootdir}/man'
oldincludedir='/usr/include'
pdfdir='${docdir}'
prefix='/usr/local'
program_transform_name='s,x,x,'
psdir='${docdir}'
sbindir='${exec_prefix}/sbin'
sharedstatedir='${prefix}/com'
sysconfdir='${prefix}/etc'
target_alias=''

## ----------- ##
## confdefs.h. ##
## ----------- ##

/* confdefs.h */
#define PACKAGE_NAME ""
#define PACKAGE_TARNAME ""
#define PACKAGE_VERSION ""
#define PACKAGE_STRING ""
#define PACKAGE_BUGREPORT ""
#define PACKAGE_URL ""
#define INSTALLPREFIX "/usr/local"
#define STDC_HEADERS 1
#define HAVE_SYS_TYPES_H 1
#define HAVE_SYS_STAT_H 1
#define HAVE_STDLIB_H 1
#define HAVE_STRING_H 1
#define HAVE_MEMORY_H 1
#define HAVE_STRINGS_H 1
#define HAVE_INTTYPES_H 1
#define HAVE_STDINT_H 1
#define HAVE_UNISTD_H 1
#define __EXTENSIONS__ 1
#define _ALL_SOURCE 1
#define _GNU_SOURCE 1
#define _POSIX_PTHREAD_SEMANTICS 1
#define _TANDEM_SOURCE 1
#define HAVE_DLFCN_H 1
#define LT_OBJDIR ".libs/"
#define HAVE_VISIBILITY 1
#define HAVE_LANGINFO_CODESET 1
#define HAVE_WORKING_O_NOATIME 0
#define HAVE_WORKING_O_NOFOLLOW 1
#define HAVE_SETLOCALE 1

configure: exit 0
